<?xml version="1.0" encoding="UTF-8"?>
<!-- Generated by org.testng.reporters.JUnitReportReporter -->
<testsuite hostname="Soumyajit" name="BrowserStack.ExecuteFunctionalities" tests="2" failures="0" timestamp="8 Sep 2016 15:28:40 GMT" time="40.984" errors="0">
  <testcase name="executeFunctions" time="15.951" classname="BrowserStack.ExecuteFunctionalities"/>
  <testcase name="executeFunctions" time="25.033" classname="BrowserStack.ExecuteFunctionalities"/>
</testsuite> <!-- BrowserStack.ExecuteFunctionalities -->
